\BOOKMARK [0][-]{chapter.1}{Introduction}{}% 1
\BOOKMARK [0][-]{chapter.2}{Project Description}{}% 2
\BOOKMARK [1][-]{section.2.1}{Detailed project description}{chapter.2}% 3
\BOOKMARK [2][-]{subsection.2.1.1}{Image:}{section.2.1}% 4
\BOOKMARK [2][-]{subsection.2.1.2}{Video: }{section.2.1}% 5
\BOOKMARK [1][-]{section.2.2}{Beneficiaries of the project}{chapter.2}% 6
\BOOKMARK [1][-]{section.2.3}{Detailed analysis}{chapter.2}% 7
\BOOKMARK [1][-]{section.2.4}{Techniques description}{chapter.2}% 8
\BOOKMARK [2][-]{subsection.2.4.1}{Images techniques}{section.2.4}% 9
\BOOKMARK [2][-]{subsection.2.4.2}{Videos techniques}{section.2.4}% 10
\BOOKMARK [0][-]{chapter.3}{Project planning}{}% 11
\BOOKMARK [1][-]{section.3.1}{Task breakdown structure}{chapter.3}% 12
\BOOKMARK [1][-]{section.3.2}{Time plan and Gant chart}{chapter.3}% 13
\BOOKMARK [0][-]{chapter.4}{System Design And Architecture}{}% 14
\BOOKMARK [1][-]{section.4.1}{System architecture}{chapter.4}% 15
\BOOKMARK [1][-]{section.4.2}{Multimedia database design}{chapter.4}% 16
\BOOKMARK [2][-]{subsection.4.2.1}{The purpose of our data base}{section.4.2}% 17
\BOOKMARK [2][-]{subsection.4.2.2}{Required information}{section.4.2}% 18
\BOOKMARK [2][-]{subsection.4.2.3}{Database Schema}{section.4.2}% 19
\BOOKMARK [2][-]{subsection.4.2.4}{Primary keys and foriegn keys}{section.4.2}% 20
\BOOKMARK [1][-]{section.4.3}{System design}{chapter.4}% 21
\BOOKMARK [1][-]{section.4.4}{Testing scenarios and results}{chapter.4}% 22
\BOOKMARK [0][-]{chapter.5}{End User Guide}{}% 23
\BOOKMARK [1][-]{section.5.1}{Steps To use the project}{chapter.5}% 24
\BOOKMARK [1][-]{section.5.2}{Features}{chapter.5}% 25
\BOOKMARK [0][-]{chapter.6}{Conclusion}{}% 26
\BOOKMARK [0][-]{chapter.7}{References}{}% 27
